{
  message: 'Listening on port 3000...',
  level: 'info',
  timestamp: '2021-12-31T15:02:48.767Z'
}
{
  message: 'Listening on port 3000...',
  level: 'info',
  timestamp: '2021-12-31T15:06:19.985Z'
}
{
  message: 'Listening on port 3000...',
  level: 'info',
  timestamp: '2021-12-31T15:06:45.504Z'
}
{
  message: 'Listening on port 3000...',
  level: 'info',
  timestamp: '2021-12-31T15:08:01.013Z'
}
{
  message: 'Listening on port 3000...',
  level: 'info',
  timestamp: '2021-12-31T15:09:08.109Z'
}
{
  message: 'Listening on port 3000...',
  level: 'info',
  timestamp: '2021-12-31T15:12:54.289Z'
}
{
  message: 'Listening on port 3000...',
  level: 'info',
  timestamp: '2021-12-31T15:33:33.855Z'
}
{
  message: 'Listening on port 3000...',
  level: 'info',
  timestamp: '2021-12-31T15:34:03.543Z'
}
{
  message: 'Listening on port 3000...',
  level: 'info',
  timestamp: '2021-12-31T15:35:32.262Z'
}
