{
  message: 'Listening on port 3000...',
  level: 'info',
  timestamp: '2022-01-07T17:37:38.027Z'
}
{
  message: 'Listening on port 3000...',
  level: 'info',
  timestamp: '2022-01-07T17:40:15.283Z'
}
{
  message: 'Listening on port 3000...',
  level: 'info',
  timestamp: '2022-01-07T17:44:25.295Z'
}
{
  message: 'Listening on port 3000...',
  level: 'info',
  timestamp: '2022-01-07T17:47:28.060Z'
}
{
  message: 'Listening on port 3000...',
  level: 'info',
  timestamp: '2022-01-07T17:48:59.936Z'
}
{
  message: 'Listening on port 3000...',
  level: 'info',
  timestamp: '2022-01-07T17:52:15.854Z'
}
{
  error: /Users/rafael/Documents/Projects/Oracle/estilos/sse/payment/app/index.js:24
      const {orderId,currencyCode,transactionId,paymentId,amount,transactionId,transactionType,transactionTimestamp, gatewayId} = req. body;
                                                                 ^
  
  SyntaxError: Identifier 'transactionId' has already been declared
      at wrapSafe (internal/modules/cjs/loader.js:915:16)
      at Module._compile (internal/modules/cjs/loader.js:963:27)
      at Object.Module._extensions..js (internal/modules/cjs/loader.js:1027:10)
      at Module.load (internal/modules/cjs/loader.js:863:32)
      at Function.Module._load (internal/modules/cjs/loader.js:708:14)
      at Module.require (internal/modules/cjs/loader.js:887:19)
      at require (internal/modules/cjs/helpers.js:74:18)
      at Object.<anonymous> (/Users/rafael/Documents/Projects/Oracle/estilos/sse/payment/index.js:62:29)
      at Module._compile (internal/modules/cjs/loader.js:999:30)
      at Object.Module._extensions..js (internal/modules/cjs/loader.js:1027:10),
  level: 'error',
  message: "uncaughtException: Identifier 'transactionId' has already been declared\n" +
    '/Users/rafael/Documents/Projects/Oracle/estilos/sse/payment/app/index.js:24\n' +
    '    const {orderId,currencyCode,transactionId,paymentId,amount,transactionId,transactionType,transactionTimestamp, gatewayId} = req. body;\n' +
    '                                                               ^\n' +
    '\n' +
    "SyntaxError: Identifier 'transactionId' has already been declared\n" +
    '    at wrapSafe (internal/modules/cjs/loader.js:915:16)\n' +
    '    at Module._compile (internal/modules/cjs/loader.js:963:27)\n' +
    '    at Object.Module._extensions..js (internal/modules/cjs/loader.js:1027:10)\n' +
    '    at Module.load (internal/modules/cjs/loader.js:863:32)\n' +
    '    at Function.Module._load (internal/modules/cjs/loader.js:708:14)\n' +
    '    at Module.require (internal/modules/cjs/loader.js:887:19)\n' +
    '    at require (internal/modules/cjs/helpers.js:74:18)\n' +
    '    at Object.<anonymous> (/Users/rafael/Documents/Projects/Oracle/estilos/sse/payment/index.js:62:29)\n' +
    '    at Module._compile (internal/modules/cjs/loader.js:999:30)\n' +
    '    at Object.Module._extensions..js (internal/modules/cjs/loader.js:1027:10)',
  stack: '/Users/rafael/Documents/Projects/Oracle/estilos/sse/payment/app/index.js:24\n' +
    '    const {orderId,currencyCode,transactionId,paymentId,amount,transactionId,transactionType,transactionTimestamp, gatewayId} = req. body;\n' +
    '                                                               ^\n' +
    '\n' +
    "SyntaxError: Identifier 'transactionId' has already been declared\n" +
    '    at wrapSafe (internal/modules/cjs/loader.js:915:16)\n' +
    '    at Module._compile (internal/modules/cjs/loader.js:963:27)\n' +
    '    at Object.Module._extensions..js (internal/modules/cjs/loader.js:1027:10)\n' +
    '    at Module.load (internal/modules/cjs/loader.js:863:32)\n' +
    '    at Function.Module._load (internal/modules/cjs/loader.js:708:14)\n' +
    '    at Module.require (internal/modules/cjs/loader.js:887:19)\n' +
    '    at require (internal/modules/cjs/helpers.js:74:18)\n' +
    '    at Object.<anonymous> (/Users/rafael/Documents/Projects/Oracle/estilos/sse/payment/index.js:62:29)\n' +
    '    at Module._compile (internal/modules/cjs/loader.js:999:30)\n' +
    '    at Object.Module._extensions..js (internal/modules/cjs/loader.js:1027:10)',
  exception: true,
  date: 'Fri Jan 07 2022 14:54:37 GMT-0300 (GMT-03:00)',
  process: {
    pid: 27673,
    uid: 501,
    gid: 20,
    cwd: '/Users/rafael/Documents/Projects/Oracle/estilos/sse/payment',
    execPath: '/Users/rafael/.asdf/installs/nodejs/12.22.1/bin/node',
    version: 'v12.22.1',
    argv: [
      '/Users/rafael/.asdf/installs/nodejs/12.22.1/bin/node',
      '/Users/rafael/Documents/Projects/Oracle/estilos/sse/payment/index.js'
    ],
    memoryUsage: {
      rss: 59260928,
      heapTotal: 33505280,
      heapUsed: 15539032,
      external: 1488738,
      arrayBuffers: 70102
    }
  },
  os: {
    loadavg: [ 1.81298828125, 1.63916015625, 1.69921875 ],
    uptime: 169001
  },
  trace: [
    {
      column: 16,
      file: 'internal/modules/cjs/loader.js',
      function: 'wrapSafe',
      line: 915,
      method: null,
      native: false
    },
    {
      column: 27,
      file: 'internal/modules/cjs/loader.js',
      function: 'Module._compile',
      line: 963,
      method: '_compile',
      native: false
    },
    {
      column: 10,
      file: 'internal/modules/cjs/loader.js',
      function: 'Module._extensions..js',
      line: 1027,
      method: '.js',
      native: false
    },
    {
      column: 32,
      file: 'internal/modules/cjs/loader.js',
      function: 'Module.load',
      line: 863,
      method: 'load',
      native: false
    },
    {
      column: 14,
      file: 'internal/modules/cjs/loader.js',
      function: 'Module._load',
      line: 708,
      method: '_load',
      native: false
    },
    {
      column: 19,
      file: 'internal/modules/cjs/loader.js',
      function: 'Module.require',
      line: 887,
      method: 'require',
      native: false
    },
    {
      column: 18,
      file: 'internal/modules/cjs/helpers.js',
      function: 'require',
      line: 74,
      method: null,
      native: false
    },
    {
      column: 29,
      file: '/Users/rafael/Documents/Projects/Oracle/estilos/sse/payment/index.js',
      function: null,
      line: 62,
      method: null,
      native: false
    },
    {
      column: 30,
      file: 'internal/modules/cjs/loader.js',
      function: 'Module._compile',
      line: 999,
      method: '_compile',
      native: false
    },
    {
      column: 10,
      file: 'internal/modules/cjs/loader.js',
      function: 'Module._extensions..js',
      line: 1027,
      method: '.js',
      native: false
    }
  ],
  timestamp: '2022-01-07T17:54:37.183Z'
}
{
  error: /Users/rafael/Documents/Projects/Oracle/estilos/sse/payment/app/index.js:24
      const {orderId,currencyCode,transactionId,paymentId,amount,transactionId,transactionType,transactionTimestamp, gatewayId} = req. body;
                                                                 ^
  
  SyntaxError: Identifier 'transactionId' has already been declared
      at wrapSafe (internal/modules/cjs/loader.js:915:16)
      at Module._compile (internal/modules/cjs/loader.js:963:27)
      at Object.Module._extensions..js (internal/modules/cjs/loader.js:1027:10)
      at Module.load (internal/modules/cjs/loader.js:863:32)
      at Function.Module._load (internal/modules/cjs/loader.js:708:14)
      at Module.require (internal/modules/cjs/loader.js:887:19)
      at require (internal/modules/cjs/helpers.js:74:18)
      at Object.<anonymous> (/Users/rafael/Documents/Projects/Oracle/estilos/sse/payment/index.js:62:29)
      at Module._compile (internal/modules/cjs/loader.js:999:30)
      at Object.Module._extensions..js (internal/modules/cjs/loader.js:1027:10),
  level: 'error',
  message: "uncaughtException: Identifier 'transactionId' has already been declared\n" +
    '/Users/rafael/Documents/Projects/Oracle/estilos/sse/payment/app/index.js:24\n' +
    '    const {orderId,currencyCode,transactionId,paymentId,amount,transactionId,transactionType,transactionTimestamp, gatewayId} = req. body;\n' +
    '                                                               ^\n' +
    '\n' +
    "SyntaxError: Identifier 'transactionId' has already been declared\n" +
    '    at wrapSafe (internal/modules/cjs/loader.js:915:16)\n' +
    '    at Module._compile (internal/modules/cjs/loader.js:963:27)\n' +
    '    at Object.Module._extensions..js (internal/modules/cjs/loader.js:1027:10)\n' +
    '    at Module.load (internal/modules/cjs/loader.js:863:32)\n' +
    '    at Function.Module._load (internal/modules/cjs/loader.js:708:14)\n' +
    '    at Module.require (internal/modules/cjs/loader.js:887:19)\n' +
    '    at require (internal/modules/cjs/helpers.js:74:18)\n' +
    '    at Object.<anonymous> (/Users/rafael/Documents/Projects/Oracle/estilos/sse/payment/index.js:62:29)\n' +
    '    at Module._compile (internal/modules/cjs/loader.js:999:30)\n' +
    '    at Object.Module._extensions..js (internal/modules/cjs/loader.js:1027:10)',
  stack: '/Users/rafael/Documents/Projects/Oracle/estilos/sse/payment/app/index.js:24\n' +
    '    const {orderId,currencyCode,transactionId,paymentId,amount,transactionId,transactionType,transactionTimestamp, gatewayId} = req. body;\n' +
    '                                                               ^\n' +
    '\n' +
    "SyntaxError: Identifier 'transactionId' has already been declared\n" +
    '    at wrapSafe (internal/modules/cjs/loader.js:915:16)\n' +
    '    at Module._compile (internal/modules/cjs/loader.js:963:27)\n' +
    '    at Object.Module._extensions..js (internal/modules/cjs/loader.js:1027:10)\n' +
    '    at Module.load (internal/modules/cjs/loader.js:863:32)\n' +
    '    at Function.Module._load (internal/modules/cjs/loader.js:708:14)\n' +
    '    at Module.require (internal/modules/cjs/loader.js:887:19)\n' +
    '    at require (internal/modules/cjs/helpers.js:74:18)\n' +
    '    at Object.<anonymous> (/Users/rafael/Documents/Projects/Oracle/estilos/sse/payment/index.js:62:29)\n' +
    '    at Module._compile (internal/modules/cjs/loader.js:999:30)\n' +
    '    at Object.Module._extensions..js (internal/modules/cjs/loader.js:1027:10)',
  exception: true,
  date: 'Fri Jan 07 2022 14:55:04 GMT-0300 (GMT-03:00)',
  process: {
    pid: 28033,
    uid: 501,
    gid: 20,
    cwd: '/Users/rafael/Documents/Projects/Oracle/estilos/sse/payment',
    execPath: '/Users/rafael/.asdf/installs/nodejs/12.22.1/bin/node',
    version: 'v12.22.1',
    argv: [
      '/Users/rafael/.asdf/installs/nodejs/12.22.1/bin/node',
      '/Users/rafael/Documents/Projects/Oracle/estilos/sse/payment/index.js'
    ],
    memoryUsage: {
      rss: 58245120,
      heapTotal: 32980992,
      heapUsed: 15237952,
      external: 1478329,
      arrayBuffers: 59693
    }
  },
  os: {
    loadavg: [ 1.50830078125, 1.57763671875, 1.6728515625 ],
    uptime: 169028
  },
  trace: [
    {
      column: 16,
      file: 'internal/modules/cjs/loader.js',
      function: 'wrapSafe',
      line: 915,
      method: null,
      native: false
    },
    {
      column: 27,
      file: 'internal/modules/cjs/loader.js',
      function: 'Module._compile',
      line: 963,
      method: '_compile',
      native: false
    },
    {
      column: 10,
      file: 'internal/modules/cjs/loader.js',
      function: 'Module._extensions..js',
      line: 1027,
      method: '.js',
      native: false
    },
    {
      column: 32,
      file: 'internal/modules/cjs/loader.js',
      function: 'Module.load',
      line: 863,
      method: 'load',
      native: false
    },
    {
      column: 14,
      file: 'internal/modules/cjs/loader.js',
      function: 'Module._load',
      line: 708,
      method: '_load',
      native: false
    },
    {
      column: 19,
      file: 'internal/modules/cjs/loader.js',
      function: 'Module.require',
      line: 887,
      method: 'require',
      native: false
    },
    {
      column: 18,
      file: 'internal/modules/cjs/helpers.js',
      function: 'require',
      line: 74,
      method: null,
      native: false
    },
    {
      column: 29,
      file: '/Users/rafael/Documents/Projects/Oracle/estilos/sse/payment/index.js',
      function: null,
      line: 62,
      method: null,
      native: false
    },
    {
      column: 30,
      file: 'internal/modules/cjs/loader.js',
      function: 'Module._compile',
      line: 999,
      method: '_compile',
      native: false
    },
    {
      column: 10,
      file: 'internal/modules/cjs/loader.js',
      function: 'Module._extensions..js',
      line: 1027,
      method: '.js',
      native: false
    }
  ],
  timestamp: '2022-01-07T17:55:04.940Z'
}
{
  error: /Users/rafael/Documents/Projects/Oracle/estilos/sse/payment/app/index.js:15
    const {orderId,currencyCode,transactionId,paymentId,amount,transactionId,transactionType,transactionTimestamp, gatewayId} = req. body;
                                                               ^
  
  SyntaxError: Identifier 'transactionId' has already been declared
      at wrapSafe (internal/modules/cjs/loader.js:915:16)
      at Module._compile (internal/modules/cjs/loader.js:963:27)
      at Object.Module._extensions..js (internal/modules/cjs/loader.js:1027:10)
      at Module.load (internal/modules/cjs/loader.js:863:32)
      at Function.Module._load (internal/modules/cjs/loader.js:708:14)
      at Module.require (internal/modules/cjs/loader.js:887:19)
      at require (internal/modules/cjs/helpers.js:74:18)
      at Object.<anonymous> (/Users/rafael/Documents/Projects/Oracle/estilos/sse/payment/index.js:62:29)
      at Module._compile (internal/modules/cjs/loader.js:999:30)
      at Object.Module._extensions..js (internal/modules/cjs/loader.js:1027:10),
  level: 'error',
  message: "uncaughtException: Identifier 'transactionId' has already been declared\n" +
    '/Users/rafael/Documents/Projects/Oracle/estilos/sse/payment/app/index.js:15\n' +
    '  const {orderId,currencyCode,transactionId,paymentId,amount,transactionId,transactionType,transactionTimestamp, gatewayId} = req. body;\n' +
    '                                                             ^\n' +
    '\n' +
    "SyntaxError: Identifier 'transactionId' has already been declared\n" +
    '    at wrapSafe (internal/modules/cjs/loader.js:915:16)\n' +
    '    at Module._compile (internal/modules/cjs/loader.js:963:27)\n' +
    '    at Object.Module._extensions..js (internal/modules/cjs/loader.js:1027:10)\n' +
    '    at Module.load (internal/modules/cjs/loader.js:863:32)\n' +
    '    at Function.Module._load (internal/modules/cjs/loader.js:708:14)\n' +
    '    at Module.require (internal/modules/cjs/loader.js:887:19)\n' +
    '    at require (internal/modules/cjs/helpers.js:74:18)\n' +
    '    at Object.<anonymous> (/Users/rafael/Documents/Projects/Oracle/estilos/sse/payment/index.js:62:29)\n' +
    '    at Module._compile (internal/modules/cjs/loader.js:999:30)\n' +
    '    at Object.Module._extensions..js (internal/modules/cjs/loader.js:1027:10)',
  stack: '/Users/rafael/Documents/Projects/Oracle/estilos/sse/payment/app/index.js:15\n' +
    '  const {orderId,currencyCode,transactionId,paymentId,amount,transactionId,transactionType,transactionTimestamp, gatewayId} = req. body;\n' +
    '                                                             ^\n' +
    '\n' +
    "SyntaxError: Identifier 'transactionId' has already been declared\n" +
    '    at wrapSafe (internal/modules/cjs/loader.js:915:16)\n' +
    '    at Module._compile (internal/modules/cjs/loader.js:963:27)\n' +
    '    at Object.Module._extensions..js (internal/modules/cjs/loader.js:1027:10)\n' +
    '    at Module.load (internal/modules/cjs/loader.js:863:32)\n' +
    '    at Function.Module._load (internal/modules/cjs/loader.js:708:14)\n' +
    '    at Module.require (internal/modules/cjs/loader.js:887:19)\n' +
    '    at require (internal/modules/cjs/helpers.js:74:18)\n' +
    '    at Object.<anonymous> (/Users/rafael/Documents/Projects/Oracle/estilos/sse/payment/index.js:62:29)\n' +
    '    at Module._compile (internal/modules/cjs/loader.js:999:30)\n' +
    '    at Object.Module._extensions..js (internal/modules/cjs/loader.js:1027:10)',
  exception: true,
  date: 'Fri Jan 07 2022 14:55:29 GMT-0300 (GMT-03:00)',
  process: {
    pid: 28206,
    uid: 501,
    gid: 20,
    cwd: '/Users/rafael/Documents/Projects/Oracle/estilos/sse/payment',
    execPath: '/Users/rafael/.asdf/installs/nodejs/12.22.1/bin/node',
    version: 'v12.22.1',
    argv: [
      '/Users/rafael/.asdf/installs/nodejs/12.22.1/bin/node',
      '/Users/rafael/Documents/Projects/Oracle/estilos/sse/payment/index.js'
    ],
    memoryUsage: {
      rss: 59703296,
      heapTotal: 34029568,
      heapUsed: 15940376,
      external: 1496930,
      arrayBuffers: 78294
    }
  },
  os: {
    loadavg: [ 1.6201171875, 1.59521484375, 1.6748046875 ],
    uptime: 169053
  },
  trace: [
    {
      column: 16,
      file: 'internal/modules/cjs/loader.js',
      function: 'wrapSafe',
      line: 915,
      method: null,
      native: false
    },
    {
      column: 27,
      file: 'internal/modules/cjs/loader.js',
      function: 'Module._compile',
      line: 963,
      method: '_compile',
      native: false
    },
    {
      column: 10,
      file: 'internal/modules/cjs/loader.js',
      function: 'Module._extensions..js',
      line: 1027,
      method: '.js',
      native: false
    },
    {
      column: 32,
      file: 'internal/modules/cjs/loader.js',
      function: 'Module.load',
      line: 863,
      method: 'load',
      native: false
    },
    {
      column: 14,
      file: 'internal/modules/cjs/loader.js',
      function: 'Module._load',
      line: 708,
      method: '_load',
      native: false
    },
    {
      column: 19,
      file: 'internal/modules/cjs/loader.js',
      function: 'Module.require',
      line: 887,
      method: 'require',
      native: false
    },
    {
      column: 18,
      file: 'internal/modules/cjs/helpers.js',
      function: 'require',
      line: 74,
      method: null,
      native: false
    },
    {
      column: 29,
      file: '/Users/rafael/Documents/Projects/Oracle/estilos/sse/payment/index.js',
      function: null,
      line: 62,
      method: null,
      native: false
    },
    {
      column: 30,
      file: 'internal/modules/cjs/loader.js',
      function: 'Module._compile',
      line: 999,
      method: '_compile',
      native: false
    },
    {
      column: 10,
      file: 'internal/modules/cjs/loader.js',
      function: 'Module._extensions..js',
      line: 1027,
      method: '.js',
      native: false
    }
  ],
  timestamp: '2022-01-07T17:55:29.617Z'
}
{
  error: /Users/rafael/Documents/Projects/Oracle/estilos/sse/payment/app/index.js:15
    const {orderId,currencyCode,transactionId,paymentId,amount,transactionId,transactionType,transactionTimestamp, gatewayId} = req.body;
                                                               ^
  
  SyntaxError: Identifier 'transactionId' has already been declared
      at wrapSafe (internal/modules/cjs/loader.js:915:16)
      at Module._compile (internal/modules/cjs/loader.js:963:27)
      at Object.Module._extensions..js (internal/modules/cjs/loader.js:1027:10)
      at Module.load (internal/modules/cjs/loader.js:863:32)
      at Function.Module._load (internal/modules/cjs/loader.js:708:14)
      at Module.require (internal/modules/cjs/loader.js:887:19)
      at require (internal/modules/cjs/helpers.js:74:18)
      at Object.<anonymous> (/Users/rafael/Documents/Projects/Oracle/estilos/sse/payment/index.js:62:29)
      at Module._compile (internal/modules/cjs/loader.js:999:30)
      at Object.Module._extensions..js (internal/modules/cjs/loader.js:1027:10),
  level: 'error',
  message: "uncaughtException: Identifier 'transactionId' has already been declared\n" +
    '/Users/rafael/Documents/Projects/Oracle/estilos/sse/payment/app/index.js:15\n' +
    '  const {orderId,currencyCode,transactionId,paymentId,amount,transactionId,transactionType,transactionTimestamp, gatewayId} = req.body;\n' +
    '                                                             ^\n' +
    '\n' +
    "SyntaxError: Identifier 'transactionId' has already been declared\n" +
    '    at wrapSafe (internal/modules/cjs/loader.js:915:16)\n' +
    '    at Module._compile (internal/modules/cjs/loader.js:963:27)\n' +
    '    at Object.Module._extensions..js (internal/modules/cjs/loader.js:1027:10)\n' +
    '    at Module.load (internal/modules/cjs/loader.js:863:32)\n' +
    '    at Function.Module._load (internal/modules/cjs/loader.js:708:14)\n' +
    '    at Module.require (internal/modules/cjs/loader.js:887:19)\n' +
    '    at require (internal/modules/cjs/helpers.js:74:18)\n' +
    '    at Object.<anonymous> (/Users/rafael/Documents/Projects/Oracle/estilos/sse/payment/index.js:62:29)\n' +
    '    at Module._compile (internal/modules/cjs/loader.js:999:30)\n' +
    '    at Object.Module._extensions..js (internal/modules/cjs/loader.js:1027:10)',
  stack: '/Users/rafael/Documents/Projects/Oracle/estilos/sse/payment/app/index.js:15\n' +
    '  const {orderId,currencyCode,transactionId,paymentId,amount,transactionId,transactionType,transactionTimestamp, gatewayId} = req.body;\n' +
    '                                                             ^\n' +
    '\n' +
    "SyntaxError: Identifier 'transactionId' has already been declared\n" +
    '    at wrapSafe (internal/modules/cjs/loader.js:915:16)\n' +
    '    at Module._compile (internal/modules/cjs/loader.js:963:27)\n' +
    '    at Object.Module._extensions..js (internal/modules/cjs/loader.js:1027:10)\n' +
    '    at Module.load (internal/modules/cjs/loader.js:863:32)\n' +
    '    at Function.Module._load (internal/modules/cjs/loader.js:708:14)\n' +
    '    at Module.require (internal/modules/cjs/loader.js:887:19)\n' +
    '    at require (internal/modules/cjs/helpers.js:74:18)\n' +
    '    at Object.<anonymous> (/Users/rafael/Documents/Projects/Oracle/estilos/sse/payment/index.js:62:29)\n' +
    '    at Module._compile (internal/modules/cjs/loader.js:999:30)\n' +
    '    at Object.Module._extensions..js (internal/modules/cjs/loader.js:1027:10)',
  exception: true,
  date: 'Fri Jan 07 2022 14:55:54 GMT-0300 (GMT-03:00)',
  process: {
    pid: 28380,
    uid: 501,
    gid: 20,
    cwd: '/Users/rafael/Documents/Projects/Oracle/estilos/sse/payment',
    execPath: '/Users/rafael/.asdf/installs/nodejs/12.22.1/bin/node',
    version: 'v12.22.1',
    argv: [
      '/Users/rafael/.asdf/installs/nodejs/12.22.1/bin/node',
      '/Users/rafael/Documents/Projects/Oracle/estilos/sse/payment/index.js'
    ],
    memoryUsage: {
      rss: 59064320,
      heapTotal: 32980992,
      heapUsed: 15379544,
      external: 1482723,
      arrayBuffers: 64087
    }
  },
  os: {
    loadavg: [ 1.2587890625, 1.51318359375, 1.64306640625 ],
    uptime: 169078
  },
  trace: [
    {
      column: 16,
      file: 'internal/modules/cjs/loader.js',
      function: 'wrapSafe',
      line: 915,
      method: null,
      native: false
    },
    {
      column: 27,
      file: 'internal/modules/cjs/loader.js',
      function: 'Module._compile',
      line: 963,
      method: '_compile',
      native: false
    },
    {
      column: 10,
      file: 'internal/modules/cjs/loader.js',
      function: 'Module._extensions..js',
      line: 1027,
      method: '.js',
      native: false
    },
    {
      column: 32,
      file: 'internal/modules/cjs/loader.js',
      function: 'Module.load',
      line: 863,
      method: 'load',
      native: false
    },
    {
      column: 14,
      file: 'internal/modules/cjs/loader.js',
      function: 'Module._load',
      line: 708,
      method: '_load',
      native: false
    },
    {
      column: 19,
      file: 'internal/modules/cjs/loader.js',
      function: 'Module.require',
      line: 887,
      method: 'require',
      native: false
    },
    {
      column: 18,
      file: 'internal/modules/cjs/helpers.js',
      function: 'require',
      line: 74,
      method: null,
      native: false
    },
    {
      column: 29,
      file: '/Users/rafael/Documents/Projects/Oracle/estilos/sse/payment/index.js',
      function: null,
      line: 62,
      method: null,
      native: false
    },
    {
      column: 30,
      file: 'internal/modules/cjs/loader.js',
      function: 'Module._compile',
      line: 999,
      method: '_compile',
      native: false
    },
    {
      column: 10,
      file: 'internal/modules/cjs/loader.js',
      function: 'Module._extensions..js',
      line: 1027,
      method: '.js',
      native: false
    }
  ],
  timestamp: '2022-01-07T17:55:54.141Z'
}
{
  error: /Users/rafael/Documents/Projects/Oracle/estilos/sse/payment/app/index.js:15
    const {orderId,currencyCode,transactionId,paymentId,amount,transactionId,transactionType,transactionTimestamp, gatewayId} = req.body;
                                                               ^
  
  SyntaxError: Identifier 'transactionId' has already been declared
      at wrapSafe (internal/modules/cjs/loader.js:915:16)
      at Module._compile (internal/modules/cjs/loader.js:963:27)
      at Object.Module._extensions..js (internal/modules/cjs/loader.js:1027:10)
      at Module.load (internal/modules/cjs/loader.js:863:32)
      at Function.Module._load (internal/modules/cjs/loader.js:708:14)
      at Module.require (internal/modules/cjs/loader.js:887:19)
      at require (internal/modules/cjs/helpers.js:74:18)
      at Object.<anonymous> (/Users/rafael/Documents/Projects/Oracle/estilos/sse/payment/index.js:62:29)
      at Module._compile (internal/modules/cjs/loader.js:999:30)
      at Object.Module._extensions..js (internal/modules/cjs/loader.js:1027:10),
  level: 'error',
  message: "uncaughtException: Identifier 'transactionId' has already been declared\n" +
    '/Users/rafael/Documents/Projects/Oracle/estilos/sse/payment/app/index.js:15\n' +
    '  const {orderId,currencyCode,transactionId,paymentId,amount,transactionId,transactionType,transactionTimestamp, gatewayId} = req.body;\n' +
    '                                                             ^\n' +
    '\n' +
    "SyntaxError: Identifier 'transactionId' has already been declared\n" +
    '    at wrapSafe (internal/modules/cjs/loader.js:915:16)\n' +
    '    at Module._compile (internal/modules/cjs/loader.js:963:27)\n' +
    '    at Object.Module._extensions..js (internal/modules/cjs/loader.js:1027:10)\n' +
    '    at Module.load (internal/modules/cjs/loader.js:863:32)\n' +
    '    at Function.Module._load (internal/modules/cjs/loader.js:708:14)\n' +
    '    at Module.require (internal/modules/cjs/loader.js:887:19)\n' +
    '    at require (internal/modules/cjs/helpers.js:74:18)\n' +
    '    at Object.<anonymous> (/Users/rafael/Documents/Projects/Oracle/estilos/sse/payment/index.js:62:29)\n' +
    '    at Module._compile (internal/modules/cjs/loader.js:999:30)\n' +
    '    at Object.Module._extensions..js (internal/modules/cjs/loader.js:1027:10)',
  stack: '/Users/rafael/Documents/Projects/Oracle/estilos/sse/payment/app/index.js:15\n' +
    '  const {orderId,currencyCode,transactionId,paymentId,amount,transactionId,transactionType,transactionTimestamp, gatewayId} = req.body;\n' +
    '                                                             ^\n' +
    '\n' +
    "SyntaxError: Identifier 'transactionId' has already been declared\n" +
    '    at wrapSafe (internal/modules/cjs/loader.js:915:16)\n' +
    '    at Module._compile (internal/modules/cjs/loader.js:963:27)\n' +
    '    at Object.Module._extensions..js (internal/modules/cjs/loader.js:1027:10)\n' +
    '    at Module.load (internal/modules/cjs/loader.js:863:32)\n' +
    '    at Function.Module._load (internal/modules/cjs/loader.js:708:14)\n' +
    '    at Module.require (internal/modules/cjs/loader.js:887:19)\n' +
    '    at require (internal/modules/cjs/helpers.js:74:18)\n' +
    '    at Object.<anonymous> (/Users/rafael/Documents/Projects/Oracle/estilos/sse/payment/index.js:62:29)\n' +
    '    at Module._compile (internal/modules/cjs/loader.js:999:30)\n' +
    '    at Object.Module._extensions..js (internal/modules/cjs/loader.js:1027:10)',
  exception: true,
  date: 'Fri Jan 07 2022 14:56:38 GMT-0300 (GMT-03:00)',
  process: {
    pid: 28556,
    uid: 501,
    gid: 20,
    cwd: '/Users/rafael/Documents/Projects/Oracle/estilos/sse/payment',
    execPath: '/Users/rafael/.asdf/installs/nodejs/12.22.1/bin/node',
    version: 'v12.22.1',
    argv: [
      '/Users/rafael/.asdf/installs/nodejs/12.22.1/bin/node',
      '/Users/rafael/Documents/Projects/Oracle/estilos/sse/payment/index.js'
    ],
    memoryUsage: {
      rss: 59539456,
      heapTotal: 34291712,
      heapUsed: 16745192,
      external: 1502808,
      arrayBuffers: 84172
    }
  },
  os: {
    loadavg: [ 1.177734375, 1.47509765625, 1.62353515625 ],
    uptime: 169122
  },
  trace: [
    {
      column: 16,
      file: 'internal/modules/cjs/loader.js',
      function: 'wrapSafe',
      line: 915,
      method: null,
      native: false
    },
    {
      column: 27,
      file: 'internal/modules/cjs/loader.js',
      function: 'Module._compile',
      line: 963,
      method: '_compile',
      native: false
    },
    {
      column: 10,
      file: 'internal/modules/cjs/loader.js',
      function: 'Module._extensions..js',
      line: 1027,
      method: '.js',
      native: false
    },
    {
      column: 32,
      file: 'internal/modules/cjs/loader.js',
      function: 'Module.load',
      line: 863,
      method: 'load',
      native: false
    },
    {
      column: 14,
      file: 'internal/modules/cjs/loader.js',
      function: 'Module._load',
      line: 708,
      method: '_load',
      native: false
    },
    {
      column: 19,
      file: 'internal/modules/cjs/loader.js',
      function: 'Module.require',
      line: 887,
      method: 'require',
      native: false
    },
    {
      column: 18,
      file: 'internal/modules/cjs/helpers.js',
      function: 'require',
      line: 74,
      method: null,
      native: false
    },
    {
      column: 29,
      file: '/Users/rafael/Documents/Projects/Oracle/estilos/sse/payment/index.js',
      function: null,
      line: 62,
      method: null,
      native: false
    },
    {
      column: 30,
      file: 'internal/modules/cjs/loader.js',
      function: 'Module._compile',
      line: 999,
      method: '_compile',
      native: false
    },
    {
      column: 10,
      file: 'internal/modules/cjs/loader.js',
      function: 'Module._extensions..js',
      line: 1027,
      method: '.js',
      native: false
    }
  ],
  timestamp: '2022-01-07T17:56:38.811Z'
}
{
  message: 'Listening on port 3000...',
  level: 'info',
  timestamp: '2022-01-07T17:57:51.919Z'
}
{
  message: 'Listening on port 3000...',
  level: 'info',
  timestamp: '2022-01-07T17:58:49.487Z'
}
