{
  error: Error: Cannot find module './logger'
  Require stack:
  - /Users/rafael/Documents/Projects/Oracle/estilos/sse/payment/app/services/niubiz/index.js
  - /Users/rafael/Documents/Projects/Oracle/estilos/sse/payment/app/index.js
  - /Users/rafael/Documents/Projects/Oracle/estilos/sse/payment/index.js
      at Function.Module._resolveFilename (internal/modules/cjs/loader.js:815:15)
      at Function.Module._load (internal/modules/cjs/loader.js:667:27)
      at Module.require (internal/modules/cjs/loader.js:887:19)
      at require (internal/modules/cjs/helpers.js:74:18)
      at Object.<anonymous> (/Users/rafael/Documents/Projects/Oracle/estilos/sse/payment/app/services/niubiz/index.js:7:21)
      at Module._compile (internal/modules/cjs/loader.js:999:30)
      at Object.Module._extensions..js (internal/modules/cjs/loader.js:1027:10)
      at Module.load (internal/modules/cjs/loader.js:863:32)
      at Function.Module._load (internal/modules/cjs/loader.js:708:14)
      at Module.require (internal/modules/cjs/loader.js:887:19) {
    code: 'MODULE_NOT_FOUND',
    requireStack: [
      '/Users/rafael/Documents/Projects/Oracle/estilos/sse/payment/app/services/niubiz/index.js',
      '/Users/rafael/Documents/Projects/Oracle/estilos/sse/payment/app/index.js',
      '/Users/rafael/Documents/Projects/Oracle/estilos/sse/payment/index.js'
    ]
  },
  level: 'error',
  message: "uncaughtException: Cannot find module './logger'\n" +
    'Require stack:\n' +
    '- /Users/rafael/Documents/Projects/Oracle/estilos/sse/payment/app/services/niubiz/index.js\n' +
    '- /Users/rafael/Documents/Projects/Oracle/estilos/sse/payment/app/index.js\n' +
    '- /Users/rafael/Documents/Projects/Oracle/estilos/sse/payment/index.js\n' +
    "Error: Cannot find module './logger'\n" +
    'Require stack:\n' +
    '- /Users/rafael/Documents/Projects/Oracle/estilos/sse/payment/app/services/niubiz/index.js\n' +
    '- /Users/rafael/Documents/Projects/Oracle/estilos/sse/payment/app/index.js\n' +
    '- /Users/rafael/Documents/Projects/Oracle/estilos/sse/payment/index.js\n' +
    '    at Function.Module._resolveFilename (internal/modules/cjs/loader.js:815:15)\n' +
    '    at Function.Module._load (internal/modules/cjs/loader.js:667:27)\n' +
    '    at Module.require (internal/modules/cjs/loader.js:887:19)\n' +
    '    at require (internal/modules/cjs/helpers.js:74:18)\n' +
    '    at Object.<anonymous> (/Users/rafael/Documents/Projects/Oracle/estilos/sse/payment/app/services/niubiz/index.js:7:21)\n' +
    '    at Module._compile (internal/modules/cjs/loader.js:999:30)\n' +
    '    at Object.Module._extensions..js (internal/modules/cjs/loader.js:1027:10)\n' +
    '    at Module.load (internal/modules/cjs/loader.js:863:32)\n' +
    '    at Function.Module._load (internal/modules/cjs/loader.js:708:14)\n' +
    '    at Module.require (internal/modules/cjs/loader.js:887:19)',
  stack: "Error: Cannot find module './logger'\n" +
    'Require stack:\n' +
    '- /Users/rafael/Documents/Projects/Oracle/estilos/sse/payment/app/services/niubiz/index.js\n' +
    '- /Users/rafael/Documents/Projects/Oracle/estilos/sse/payment/app/index.js\n' +
    '- /Users/rafael/Documents/Projects/Oracle/estilos/sse/payment/index.js\n' +
    '    at Function.Module._resolveFilename (internal/modules/cjs/loader.js:815:15)\n' +
    '    at Function.Module._load (internal/modules/cjs/loader.js:667:27)\n' +
    '    at Module.require (internal/modules/cjs/loader.js:887:19)\n' +
    '    at require (internal/modules/cjs/helpers.js:74:18)\n' +
    '    at Object.<anonymous> (/Users/rafael/Documents/Projects/Oracle/estilos/sse/payment/app/services/niubiz/index.js:7:21)\n' +
    '    at Module._compile (internal/modules/cjs/loader.js:999:30)\n' +
    '    at Object.Module._extensions..js (internal/modules/cjs/loader.js:1027:10)\n' +
    '    at Module.load (internal/modules/cjs/loader.js:863:32)\n' +
    '    at Function.Module._load (internal/modules/cjs/loader.js:708:14)\n' +
    '    at Module.require (internal/modules/cjs/loader.js:887:19)',
  exception: true,
  date: 'Sat Jan 08 2022 17:43:23 GMT-0300 (GMT-03:00)',
  process: {
    pid: 45362,
    uid: 501,
    gid: 20,
    cwd: '/Users/rafael/Documents/Projects/Oracle/estilos/sse/payment',
    execPath: '/Users/rafael/.asdf/installs/nodejs/12.22.1/bin/node',
    version: 'v12.22.1',
    argv: [
      '/Users/rafael/.asdf/installs/nodejs/12.22.1/bin/node',
      '/Users/rafael/Documents/Projects/Oracle/estilos/sse/payment/index.js'
    ],
    memoryUsage: {
      rss: 47185920,
      heapTotal: 18956288,
      heapUsed: 11272464,
      external: 1491006,
      arrayBuffers: 145499
    }
  },
  os: {
    loadavg: [ 2.09326171875, 1.74267578125, 1.6611328125 ],
    uptime: 265527
  },
  trace: [
    {
      column: 15,
      file: 'internal/modules/cjs/loader.js',
      function: 'Module._resolveFilename',
      line: 815,
      method: '_resolveFilename',
      native: false
    },
    {
      column: 27,
      file: 'internal/modules/cjs/loader.js',
      function: 'Module._load',
      line: 667,
      method: '_load',
      native: false
    },
    {
      column: 19,
      file: 'internal/modules/cjs/loader.js',
      function: 'Module.require',
      line: 887,
      method: 'require',
      native: false
    },
    {
      column: 18,
      file: 'internal/modules/cjs/helpers.js',
      function: 'require',
      line: 74,
      method: null,
      native: false
    },
    {
      column: 21,
      file: '/Users/rafael/Documents/Projects/Oracle/estilos/sse/payment/app/services/niubiz/index.js',
      function: null,
      line: 7,
      method: null,
      native: false
    },
    {
      column: 30,
      file: 'internal/modules/cjs/loader.js',
      function: 'Module._compile',
      line: 999,
      method: '_compile',
      native: false
    },
    {
      column: 10,
      file: 'internal/modules/cjs/loader.js',
      function: 'Module._extensions..js',
      line: 1027,
      method: '.js',
      native: false
    },
    {
      column: 32,
      file: 'internal/modules/cjs/loader.js',
      function: 'Module.load',
      line: 863,
      method: 'load',
      native: false
    },
    {
      column: 14,
      file: 'internal/modules/cjs/loader.js',
      function: 'Module._load',
      line: 708,
      method: '_load',
      native: false
    },
    {
      column: 19,
      file: 'internal/modules/cjs/loader.js',
      function: 'Module.require',
      line: 887,
      method: 'require',
      native: false
    }
  ],
  timestamp: '2022-01-08T20:43:23.985Z'
}
{
  message: 'Listening on port 3000...',
  level: 'info',
  timestamp: '2022-01-08T20:44:30.505Z'
}
