{
  message: 'Listening on port 3000...',
  level: 'info',
  timestamp: '2022-01-03T11:40:01.501Z'
}
{
  message: 'Listening on port 3000...',
  level: 'info',
  timestamp: '2022-01-03T11:41:29.423Z'
}
{
  message: 'Listening on port 3000...',
  level: 'info',
  timestamp: '2022-01-03T11:43:27.592Z'
}
{
  message: 'Listening on port 3000...',
  level: 'info',
  timestamp: '2022-01-03T11:44:08.052Z'
}
{
  message: 'Listening on port 3000...',
  level: 'info',
  timestamp: '2022-01-03T11:44:53.851Z'
}
{
  message: 'Listening on port 3000...',
  level: 'info',
  timestamp: '2022-01-03T11:45:34.238Z'
}
{
  message: 'Listening on port 3000...',
  level: 'info',
  timestamp: '2022-01-03T11:46:57.900Z'
}
{
  message: 'Listening on port 3000...',
  level: 'info',
  timestamp: '2022-01-03T11:47:56.438Z'
}
